<?xml version="1.0" encoding="UTF-8"?>
<!-- Generated by org.testng.reporters.JUnitReportReporter -->
<testsuite hostname="LAPTOP-57721RJI" failures="0" tests="1" name="com.demoacti.base.Democlass" time="5.013" errors="0" timestamp="2022-07-17T10:46:39 CDT" skipped="0">
  <testcase classname="com.demoacti.base.Democlass" name="launchbrowser" time="5.013"/>
  <system-out/>
</testsuite> <!-- com.demoacti.base.Democlass -->
