<?xml version="1.0" encoding="UTF-8"?>
<!-- Generated by org.testng.reporters.JUnitReportReporter -->
<testsuite hostname="LAPTOP-57721RJI" failures="0" tests="2" name="com.demoacti.tests.Taskpagetest" time="48.133" errors="0" timestamp="2022-07-22T11:08:19 CDT" skipped="0">
  <testcase classname="com.demoacti.tests.Taskpagetest" name="testcreatecustomer" time="19.706"/>
  <system-out/>
  <testcase classname="com.demoacti.tests.Taskpagetest" name="testdeletecustomer" time="28.427"/>
  <system-out/>
</testsuite> <!-- com.demoacti.tests.Taskpagetest -->
