<?xml version="1.0" encoding="UTF-8"?>
<!-- Generated by org.testng.reporters.JUnitReportReporter -->
<testsuite hostname="LAPTOP-57721RJI" failures="0" tests="1" name="com.demoacti.base.DemoclasstoLanuch" time="4.549" errors="0" timestamp="2022-07-17T11:48:26 CDT" skipped="0">
  <testcase classname="com.demoacti.base.DemoclasstoLanuch" name="launchbrowser" time="4.549"/>
  <system-out/>
</testsuite> <!-- com.demoacti.base.DemoclasstoLanuch -->
